<?xml version="1.0" encoding="UTF-8"?>
<testsuite name="org.point.service.PointServiceTest" tests="2" skipped="0" failures="0" errors="0" timestamp="2023-05-04T03:11:27" hostname="hyojinui-MacBookPro.local" time="0.028">
  <properties/>
  <testcase name="getPointsByMemberId()" classname="org.point.service.PointServiceTest" time="0.025"/>
  <testcase name="savePoints()" classname="org.point.service.PointServiceTest" time="0.001"/>
  <system-out><![CDATA[]]></system-out>
  <system-err><![CDATA[]]></system-err>
</testsuite>
